<?xml version="1.0" encoding="utf-8"?><testsuites name="pytest tests"><testsuite name="pytest" errors="0" failures="1" skipped="0" tests="76" time="14.022" timestamp="2026-09-13T20:01:52.824837+00:00" hostname="agent-env-0a4931f1-636e-413f-80dd-3470496d1959"><testcase classname="tests.backend_test.TestAuth" name="test_login_success" time="0.982" /><testcase classname="tests.backend_test.TestVehicles" name="test_list_seeded_vehicles" time="0.983" /><testcase classname="tests.backend_test.TestVehicles" name="test_search_filter" time="0.222" /><testcase classname="tests.backend_test.TestAuth" name="test_login_wrong_password" time="0.165" /><testcase classname="tests.backend_test.TestAuth" name="test_login_unknown_email" time="0.145" /><testcase classname="tests.backend_test.TestVehicles" name="test_status_filter" time="0.218" /><testcase classname="tests.backend_test.TestVehicles" name="test_create_get_update_delete" time="0.904" /><testcase classname="tests.backend_test.TestAuth" name="test_me_with_token" time="0.516" /><testcase classname="tests.backend_test.TestAuth" name="test_me_without_token" time="0.181" /><testcase classname="tests.backend_test.TestAuth" name="test_me_invalid_token" time="0.210" /><testcase classname="tests.backend_test.TestAuth" name="test_logout" time="0.193" /><testcase classname="tests.backend_test.TestVehicles" name="test_create_invalid_status_rejected" time="0.181" /><testcase classname="tests.backend_test.TestAuth" name="test_bcrypt_hash_format" time="0.185" /><testcase classname="tests.backend_test.TestVehicles" name="test_create_missing_fields" time="0.216" /><testcase classname="tests.backend_test.TestAuth" name="test_brute_force_lockout" time="1.110" /><testcase classname="tests.backend_test.TestVehicles" name="test_get_nonexistent" time="0.139" /><testcase classname="tests.backend_test.TestVehicles" name="test_delete_blocked_when_active_rental" time="0.199"><failure message="AssertionError: No active rentals seeded to verify delete-block&#10;assert []">tests/backend_test.py:189: in test_delete_blocked_when_active_rental
    assert rentals, "No active rentals seeded to verify delete-block"
E   AssertionError: No active rentals seeded to verify delete-block
E   assert []</failure></testcase><testcase classname="tests.test_rental_types.Test24Jam" name="test_exact_24h_is_one_unit" time="0.655" /><testcase classname="tests.backend_test.TestRentals" name="test_list_enriched" time="0.128" /><testcase classname="tests.test_rental_types.Test24Jam" name="test_25h_rounds_up_to_two_units" time="0.070" /><testcase classname="tests.backend_test.TestRentals" name="test_status_filter" time="0.430" /><testcase classname="tests.test_rental_types.Test24Jam" name="test_end_equal_start_rejected" time="0.063" /><testcase classname="tests.test_rental_types.Test24Jam" name="test_end_before_start_rejected" time="0.068" /><testcase classname="tests.test_rental_types.Test24Jam" name="test_missing_times_rejected" time="0.070" /><testcase classname="tests.test_rental_types.Test24Jam" name="test_invalid_tipe_sewa_422" time="0.070" /><testcase classname="tests.test_rental_types.Test24Jam" name="test_overlap_24jam_409" time="0.077" /><testcase classname="tests.test_rental_types.Test24Jam" name="test_back_to_back_24jam_allowed" time="0.068" /><testcase classname="tests.test_rental_types.TestHarian" name="test_inclusive_days_and_total" time="0.195" /><testcase classname="tests.backend_test.TestRentals" name="test_create_price_calculation_and_overlap" time="1.537" /><testcase classname="tests.test_rental_types.TestHarian" name="test_same_day_is_one_day" time="0.066" /><testcase classname="tests.test_rental_types.TestHarian" name="test_end_before_start_rejected" time="0.065" /><testcase classname="tests.test_rental_types.TestHarian" name="test_booking_keeps_vehicle_tersedia" time="0.065" /><testcase classname="tests.test_rental_types.TestHarian" name="test_overlap_harian_409" time="0.064" /><testcase classname="tests.test_rental_types.TestHarian" name="test_no_overlap_next_day_ok" time="0.821" /><testcase classname="tests.backend_test.TestAuthGuards" name="test_requires_auth[/vehicles]" time="0.262" /><testcase classname="tests.backend_test.TestAuthGuards" name="test_requires_auth[/customers]" time="0.133" /><testcase classname="tests.backend_test.TestRentals" name="test_end_before_start_rejected" time="0.309" /><testcase classname="tests.backend_test.TestAuthGuards" name="test_requires_auth[/rentals]" time="0.123" /><testcase classname="tests.backend_test.TestAuthGuards" name="test_requires_auth[/dashboard]" time="0.136" /><testcase classname="tests.backend_test.TestRentals" name="test_same_day_harian_is_one_day" time="0.421" /><testcase classname="tests.backend_test.TestAuthGuards" name="test_requires_auth[/reports]" time="0.137" /><testcase classname="tests.backend_test.TestCustomers" name="test_list_seeded" time="0.146" /><testcase classname="tests.backend_test.TestCustomers" name="test_search" time="0.110" /><testcase classname="tests.backend_test.TestRentals" name="test_unknown_vehicle_and_customer" time="0.343" /><testcase classname="tests.backend_test.TestCustomers" name="test_crud_and_rentals_history" time="0.857" /><testcase classname="tests.backend_test.TestRentals" name="test_malformed_date" time="0.617" /><testcase classname="tests.backend_test.TestCustomers" name="test_existing_customer_rental_history_enriched" time="0.259" /><testcase classname="tests.backend_test.TestRentals" name="test_get_nonexistent" time="0.126" /><testcase classname="tests.backend_test.TestReports" name="test_no_filter" time="0.187" /><testcase classname="tests.backend_test.TestCustomers" name="test_update_nonexistent" time="0.161" /><testcase classname="tests.backend_test.TestReports" name="test_date_range_filter" time="0.220" /><testcase classname="tests.backend_test.TestReports" name="test_empty_range" time="0.190" /><testcase classname="tests.test_new_features.TestEditRental" name="test_edit_preserves_transaksi_id_and_customer" time="0.593" /><testcase classname="tests.backend_test.TestReports" name="test_invalid_date_params" time="0.157" /><testcase classname="tests.test_new_features.TestEditRental" name="test_edit_vehicle_on_aktif_releases_old" time="0.770" /><testcase classname="tests.test_rental_types.TestBookingLifecycle" name="test_booking_to_aktif_syncs_vehicle" time="1.233" /><testcase classname="tests.test_new_features.TestEditRental" name="test_edit_type_to_24jam_and_recalc" time="0.446" /><testcase classname="tests.test_rental_types.TestBookingLifecycle" name="test_cancel_frees_availability" time="0.460" /><testcase classname="tests.test_new_features.TestEditRental" name="test_edit_conflict_returns_409" time="0.417" /><testcase classname="tests.test_rental_types.TestBookingLifecycle" name="test_create_aktif_sets_vehicle_disewa" time="0.261" /><testcase classname="tests.backend_test.TestDashboard" name="test_dashboard_shape" time="0.239" /><testcase classname="tests.backend_test.TestDashboard" name="test_chart_months_unique" time="0.206" /><testcase classname="tests.test_rental_types.TestBookingLifecycle" name="test_customer_history_includes_type" time="0.856" /><testcase classname="tests.backend_test.TestDashboard" name="test_active_bookings_matches_rentals" time="0.230" /><testcase classname="tests.test_new_features.TestDashboardReportsOutstanding" name="test_dashboard_outstanding_present" time="0.313" /><testcase classname="tests.test_new_features.TestDashboardReportsOutstanding" name="test_reports_paid_and_outstanding" time="0.078" /><testcase classname="tests.backend_test.TestFiles" name="test_missing_file_404" time="0.333" /><testcase classname="tests.backend_test.TestFiles" name="test_upload_requires_auth" time="0.143" /><testcase classname="tests.backend_test.TestFiles" name="test_upload_rejects_bad_extension" time="0.150" /><testcase classname="tests.test_rental_types.TestMixedOverlap" name="test_24jam_conflicts_with_harian" time="0.705" /><testcase classname="tests.test_cleanup" name="test_cleanup_qa_leftovers" time="0.448" /><testcase classname="tests.test_rental_types.TestMixedOverlap" name="test_harian_conflicts_with_24jam" time="0.514" /><testcase classname="tests.backend_test.TestCors" name="test_cors_credentials_config" time="0.125" /><testcase classname="tests.test_new_features.TestPayments" name="test_dp_partial_status" time="0.581" /><testcase classname="tests.test_overlap_bypass.TestOverlapBypassViaStatusPatch" name="test_reactivating_cancelled_rental_can_double_book" time="1.082" /><testcase classname="tests.test_new_features.TestInvoice" name="test_invoice_public_pdf" time="0.690" /></testsuite></testsuites>