<?xml version="1.0" encoding="utf-8"?><testsuites name="pytest tests"><testsuite name="pytest" errors="0" failures="0" skipped="0" tests="76" time="13.179" timestamp="2026-09-07T07:28:55.616848+00:00" hostname="agent-env-0a4931f1-636e-413f-80dd-3470496d1959"><testcase classname="tests.backend_test.TestAuth" name="test_login_success" time="0.626" /><testcase classname="tests.backend_test.TestVehicles" name="test_list_seeded_vehicles" time="0.622" /><testcase classname="tests.backend_test.TestVehicles" name="test_search_filter" time="0.174" /><testcase classname="tests.backend_test.TestAuth" name="test_login_wrong_password" time="0.126" /><testcase classname="tests.backend_test.TestAuth" name="test_login_unknown_email" time="0.133" /><testcase classname="tests.backend_test.TestVehicles" name="test_status_filter" time="0.202" /><testcase classname="tests.backend_test.TestVehicles" name="test_create_get_update_delete" time="0.905" /><testcase classname="tests.backend_test.TestAuth" name="test_me_with_token" time="0.508" /><testcase classname="tests.backend_test.TestAuth" name="test_me_without_token" time="0.152" /><testcase classname="tests.backend_test.TestAuth" name="test_me_invalid_token" time="0.116" /><testcase classname="tests.backend_test.TestAuth" name="test_logout" time="0.117" /><testcase classname="tests.backend_test.TestAuth" name="test_bcrypt_hash_format" time="0.079" /><testcase classname="tests.backend_test.TestAuth" name="test_brute_force_lockout" time="1.047" /><testcase classname="tests.backend_test.TestVehicles" name="test_create_invalid_status_rejected" time="0.154" /><testcase classname="tests.backend_test.TestVehicles" name="test_create_missing_fields" time="0.130" /><testcase classname="tests.backend_test.TestVehicles" name="test_get_nonexistent" time="0.131" /><testcase classname="tests.backend_test.TestVehicles" name="test_delete_blocked_when_active_rental" time="0.196" /><testcase classname="tests.backend_test.TestRentals" name="test_list_enriched" time="0.141" /><testcase classname="tests.backend_test.TestRentals" name="test_status_filter" time="0.337" /><testcase classname="tests.test_rental_types.Test24Jam" name="test_exact_24h_is_one_unit" time="0.675" /><testcase classname="tests.test_rental_types.Test24Jam" name="test_25h_rounds_up_to_two_units" time="0.113" /><testcase classname="tests.test_rental_types.Test24Jam" name="test_end_equal_start_rejected" time="0.103" /><testcase classname="tests.backend_test.TestRentals" name="test_create_price_calculation_and_overlap" time="1.388" /><testcase classname="tests.test_rental_types.Test24Jam" name="test_end_before_start_rejected" time="0.070" /><testcase classname="tests.test_rental_types.Test24Jam" name="test_missing_times_rejected" time="0.074" /><testcase classname="tests.test_rental_types.Test24Jam" name="test_invalid_tipe_sewa_422" time="0.074" /><testcase classname="tests.test_rental_types.Test24Jam" name="test_overlap_24jam_409" time="0.114" /><testcase classname="tests.test_rental_types.Test24Jam" name="test_back_to_back_24jam_allowed" time="0.082" /><testcase classname="tests.test_rental_types.TestHarian" name="test_inclusive_days_and_total" time="0.243" /><testcase classname="tests.test_rental_types.TestHarian" name="test_same_day_is_one_day" time="0.083" /><testcase classname="tests.test_rental_types.TestHarian" name="test_end_before_start_rejected" time="0.104" /><testcase classname="tests.test_rental_types.TestHarian" name="test_booking_keeps_vehicle_tersedia" time="0.115" /><testcase classname="tests.test_rental_types.TestHarian" name="test_overlap_harian_409" time="0.086" /><testcase classname="tests.test_rental_types.TestHarian" name="test_no_overlap_next_day_ok" time="1.010" /><testcase classname="tests.backend_test.TestRentals" name="test_end_before_start_rejected" time="0.296" /><testcase classname="tests.backend_test.TestRentals" name="test_same_day_harian_is_one_day" time="0.401" /><testcase classname="tests.backend_test.TestAuthGuards" name="test_requires_auth[/vehicles]" time="0.127" /><testcase classname="tests.backend_test.TestRentals" name="test_unknown_vehicle_and_customer" time="0.386" /><testcase classname="tests.backend_test.TestAuthGuards" name="test_requires_auth[/customers]" time="0.121" /><testcase classname="tests.backend_test.TestAuthGuards" name="test_requires_auth[/rentals]" time="0.142" /><testcase classname="tests.backend_test.TestRentals" name="test_malformed_date" time="0.254" /><testcase classname="tests.backend_test.TestAuthGuards" name="test_requires_auth[/dashboard]" time="0.173" /><testcase classname="tests.backend_test.TestAuthGuards" name="test_requires_auth[/reports]" time="0.120" /><testcase classname="tests.backend_test.TestRentals" name="test_get_nonexistent" time="0.119" /><testcase classname="tests.backend_test.TestReports" name="test_no_filter" time="0.205" /><testcase classname="tests.backend_test.TestCustomers" name="test_list_seeded" time="0.129" /><testcase classname="tests.backend_test.TestCustomers" name="test_search" time="0.171" /><testcase classname="tests.backend_test.TestReports" name="test_date_range_filter" time="0.194" /><testcase classname="tests.backend_test.TestCustomers" name="test_crud_and_rentals_history" time="0.720" /><testcase classname="tests.backend_test.TestReports" name="test_empty_range" time="0.176" /><testcase classname="tests.backend_test.TestReports" name="test_invalid_date_params" time="0.143" /><testcase classname="tests.test_new_features.TestEditRental" name="test_edit_preserves_transaksi_id_and_customer" time="0.518" /><testcase classname="tests.backend_test.TestCustomers" name="test_existing_customer_rental_history_enriched" time="0.219" /><testcase classname="tests.test_new_features.TestEditRental" name="test_edit_vehicle_on_aktif_releases_old" time="0.777" /><testcase classname="tests.backend_test.TestCustomers" name="test_update_nonexistent" time="0.123" /><testcase classname="tests.test_rental_types.TestBookingLifecycle" name="test_booking_to_aktif_syncs_vehicle" time="1.143" /><testcase classname="tests.test_new_features.TestEditRental" name="test_edit_type_to_24jam_and_recalc" time="0.363" /><testcase classname="tests.test_new_features.TestEditRental" name="test_edit_conflict_returns_409" time="0.534" /><testcase classname="tests.test_rental_types.TestBookingLifecycle" name="test_cancel_frees_availability" time="0.383" /><testcase classname="tests.backend_test.TestDashboard" name="test_dashboard_shape" time="0.223" /><testcase classname="tests.test_rental_types.TestBookingLifecycle" name="test_create_aktif_sets_vehicle_disewa" time="0.227" /><testcase classname="tests.backend_test.TestDashboard" name="test_chart_months_unique" time="0.152" /><testcase classname="tests.test_rental_types.TestBookingLifecycle" name="test_customer_history_includes_type" time="0.804" /><testcase classname="tests.backend_test.TestDashboard" name="test_active_bookings_matches_rentals" time="0.217" /><testcase classname="tests.test_new_features.TestDashboardReportsOutstanding" name="test_dashboard_outstanding_present" time="0.357" /><testcase classname="tests.test_new_features.TestDashboardReportsOutstanding" name="test_reports_paid_and_outstanding" time="0.077" /><testcase classname="tests.backend_test.TestFiles" name="test_missing_file_404" time="0.325" /><testcase classname="tests.backend_test.TestFiles" name="test_upload_requires_auth" time="0.162" /><testcase classname="tests.backend_test.TestFiles" name="test_upload_rejects_bad_extension" time="0.121" /><testcase classname="tests.test_rental_types.TestMixedOverlap" name="test_24jam_conflicts_with_harian" time="0.731" /><testcase classname="tests.test_cleanup" name="test_cleanup_qa_leftovers" time="0.435" /><testcase classname="tests.test_rental_types.TestMixedOverlap" name="test_harian_conflicts_with_24jam" time="0.533" /><testcase classname="tests.backend_test.TestCors" name="test_cors_credentials_config" time="0.076" /><testcase classname="tests.test_overlap_bypass.TestOverlapBypassViaStatusPatch" name="test_reactivating_cancelled_rental_can_double_book" time="0.704" /><testcase classname="tests.test_new_features.TestPayments" name="test_dp_partial_status" time="0.903" /><testcase classname="tests.test_new_features.TestInvoice" name="test_invoice_public_pdf" time="0.467" /></testsuite></testsuites>