<?xml version="1.0" encoding="utf-8"?><testsuites name="pytest tests"><testsuite name="pytest" errors="0" failures="4" skipped="0" tests="48" time="7.861" timestamp="2026-08-31T03:50:47.014043+00:00" hostname="agent-env-0a4931f1-636e-413f-80dd-3470496d1959"><testcase classname="tests.backend_test.TestAuth" name="test_login_success" time="0.352" /><testcase classname="tests.backend_test.TestAuth" name="test_login_wrong_password" time="0.505" /><testcase classname="tests.backend_test.TestVehicles" name="test_list_seeded_vehicles" time="0.859" /><testcase classname="tests.backend_test.TestAuth" name="test_login_unknown_email" time="0.099" /><testcase classname="tests.backend_test.TestVehicles" name="test_search_filter" time="0.129" /><testcase classname="tests.backend_test.TestVehicles" name="test_status_filter" time="0.362" /><testcase classname="tests.backend_test.TestAuth" name="test_me_with_token" time="0.467" /><testcase classname="tests.backend_test.TestVehicles" name="test_create_get_update_delete" time="0.537" /><testcase classname="tests.backend_test.TestAuth" name="test_me_without_token" time="0.149" /><testcase classname="tests.backend_test.TestAuth" name="test_me_invalid_token" time="0.110" /><testcase classname="tests.backend_test.TestAuth" name="test_logout" time="0.121" /><testcase classname="tests.backend_test.TestAuth" name="test_bcrypt_hash_format" time="0.083" /><testcase classname="tests.backend_test.TestVehicles" name="test_create_invalid_status_rejected" time="0.096" /><testcase classname="tests.backend_test.TestAuth" name="test_brute_force_lockout" time="2.175"><failure message="AssertionError: No lockout after 6 failed logins, codes=[401, 401, 401, 401, 401, 401]&#10;assert (429 in [401, 401, 401, 401, 401, 401] or 423 in [401, 401, 401, 401, 401, 401])">E   AssertionError: No lockout after 6 failed logins, codes=[401, 401, 401, 401, 401, 401]
    assert (429 in [401, 401, 401, 401, 401, 401] or 423 in [401, 401, 401, 401, 401, 401])</failure></testcase><testcase classname="tests.backend_test.TestVehicles" name="test_create_missing_fields" time="0.231" /><testcase classname="tests.backend_test.TestVehicles" name="test_get_nonexistent" time="0.096" /><testcase classname="tests.backend_test.TestVehicles" name="test_delete_blocked_when_active_rental" time="0.329" /><testcase classname="tests.backend_test.TestAuthGuards" name="test_requires_auth[/vehicles]" time="0.283" /><testcase classname="tests.backend_test.TestAuthGuards" name="test_requires_auth[/customers]" time="0.317" /><testcase classname="tests.backend_test.TestAuthGuards" name="test_requires_auth[/rentals]" time="0.094" /><testcase classname="tests.backend_test.TestAuthGuards" name="test_requires_auth[/dashboard]" time="0.272" /><testcase classname="tests.backend_test.TestAuthGuards" name="test_requires_auth[/reports]" time="0.135" /><testcase classname="tests.backend_test.TestCustomers" name="test_list_seeded" time="0.261" /><testcase classname="tests.backend_test.TestCustomers" name="test_search" time="0.105" /><testcase classname="tests.backend_test.TestRentals" name="test_list_enriched" time="0.102" /><testcase classname="tests.backend_test.TestCustomers" name="test_crud_and_rentals_history" time="0.363" /><testcase classname="tests.backend_test.TestRentals" name="test_status_filter" time="0.498" /><testcase classname="tests.backend_test.TestCustomers" name="test_existing_customer_rental_history_enriched" time="0.159" /><testcase classname="tests.backend_test.TestCustomers" name="test_update_nonexistent" time="0.104" /><testcase classname="tests.backend_test.TestRentals" name="test_create_price_calculation_and_overlap" time="1.057" /><testcase classname="tests.backend_test.TestReports" name="test_no_filter" time="0.186" /><testcase classname="tests.backend_test.TestReports" name="test_date_range_filter" time="0.194" /><testcase classname="tests.backend_test.TestReports" name="test_empty_range" time="0.103" /><testcase classname="tests.backend_test.TestReports" name="test_invalid_date_params" time="0.099"><failure message="AssertionError: Invalid date params -&gt; 500&#10;assert 500 in (400, 422)&#10; +  where 500 = &lt;Response [500]&gt;.status_code">E   AssertionError: Invalid date params -&gt; 500
    assert 500 in (400, 422)
     +  where 500 = &lt;Response [500]&gt;.status_code</failure></testcase><testcase classname="tests.backend_test.TestDashboard" name="test_dashboard_shape" time="0.149" /><testcase classname="tests.backend_test.TestDashboard" name="test_chart_months_unique" time="0.111" /><testcase classname="tests.backend_test.TestDashboard" name="test_active_bookings_matches_rentals" time="0.184" /><testcase classname="tests.backend_test.TestRentals" name="test_end_before_start_rejected" time="0.189" /><testcase classname="tests.backend_test.TestFiles" name="test_missing_file_404" time="0.147" /><testcase classname="tests.backend_test.TestRentals" name="test_same_day_rejected" time="0.184" /><testcase classname="tests.backend_test.TestFiles" name="test_upload_requires_auth" time="0.123" /><testcase classname="tests.backend_test.TestFiles" name="test_upload_rejects_bad_extension" time="0.100" /><testcase classname="tests.backend_test.TestRentals" name="test_unknown_vehicle_and_customer" time="0.314" /><testcase classname="tests.backend_test.TestCors" name="test_cors_credentials_config" time="0.092" /><testcase classname="tests.test_cleanup" name="test_cleanup_qa_leftovers" time="0.206" /><testcase classname="tests.backend_test.TestRentals" name="test_malformed_date" time="0.334"><failure message="AssertionError: Malformed date returned 500: Internal Server Error&#10;assert 500 in (400, 422)&#10; +  where 500 = &lt;Response [500]&gt;.status_code">E   AssertionError: Malformed date returned 500: Internal Server Error
    assert 500 in (400, 422)
     +  where 500 = &lt;Response [500]&gt;.status_code</failure></testcase><testcase classname="tests.test_overlap_bypass.TestOverlapBypassViaStatusPatch" name="test_reactivating_cancelled_rental_can_double_book" time="0.869"><failure message="AssertionError: BUG: status change to Aktif accepted (200) even though it now double-books the vehicle for the same dates&#10;assert 200 == 409&#10; +  where 200 = &lt;Response [200]&gt;.status_code">E   AssertionError: BUG: status change to Aktif accepted (200) even though it now double-books the vehicle for the same dates
    assert 200 == 409
     +  where 200 = &lt;Response [200]&gt;.status_code</failure></testcase><testcase classname="tests.backend_test.TestRentals" name="test_get_nonexistent" time="0.111" /></testsuite></testsuites>