<?xml version="1.0" encoding="utf-8"?><testsuites name="pytest tests"><testsuite name="pytest" errors="0" failures="0" skipped="0" tests="68" time="11.963" timestamp="2026-09-04T11:45:39.483972+00:00" hostname="agent-env-0a4931f1-636e-413f-80dd-3470496d1959"><testcase classname="tests.backend_test.TestAuth" name="test_login_success" time="1.067" /><testcase classname="tests.backend_test.TestAuth" name="test_login_wrong_password" time="0.218" /><testcase classname="tests.backend_test.TestAuth" name="test_login_unknown_email" time="0.136" /><testcase classname="tests.backend_test.TestVehicles" name="test_list_seeded_vehicles" time="1.427" /><testcase classname="tests.backend_test.TestVehicles" name="test_search_filter" time="0.341" /><testcase classname="tests.backend_test.TestAuth" name="test_me_with_token" time="0.508" /><testcase classname="tests.backend_test.TestVehicles" name="test_status_filter" time="0.205" /><testcase classname="tests.backend_test.TestAuth" name="test_me_without_token" time="0.132" /><testcase classname="tests.backend_test.TestVehicles" name="test_create_get_update_delete" time="0.616" /><testcase classname="tests.backend_test.TestAuth" name="test_me_invalid_token" time="0.122" /><testcase classname="tests.backend_test.TestAuth" name="test_logout" time="0.158" /><testcase classname="tests.backend_test.TestAuth" name="test_bcrypt_hash_format" time="0.076" /><testcase classname="tests.backend_test.TestAuth" name="test_brute_force_lockout" time="1.134" /><testcase classname="tests.backend_test.TestVehicles" name="test_create_invalid_status_rejected" time="0.118" /><testcase classname="tests.backend_test.TestVehicles" name="test_create_missing_fields" time="0.136" /><testcase classname="tests.backend_test.TestVehicles" name="test_get_nonexistent" time="0.135" /><testcase classname="tests.backend_test.TestVehicles" name="test_delete_blocked_when_active_rental" time="0.180" /><testcase classname="tests.backend_test.TestRentals" name="test_list_enriched" time="0.134" /><testcase classname="tests.backend_test.TestRentals" name="test_status_filter" time="0.333" /><testcase classname="tests.test_rental_types.Test24Jam" name="test_exact_24h_is_one_unit" time="0.687" /><testcase classname="tests.test_rental_types.Test24Jam" name="test_25h_rounds_up_to_two_units" time="0.125" /><testcase classname="tests.test_rental_types.Test24Jam" name="test_end_equal_start_rejected" time="0.063" /><testcase classname="tests.backend_test.TestRentals" name="test_create_price_calculation_and_overlap" time="1.827" /><testcase classname="tests.test_rental_types.Test24Jam" name="test_end_before_start_rejected" time="0.071" /><testcase classname="tests.test_rental_types.Test24Jam" name="test_missing_times_rejected" time="0.084" /><testcase classname="tests.test_rental_types.Test24Jam" name="test_invalid_tipe_sewa_422" time="0.065" /><testcase classname="tests.test_rental_types.Test24Jam" name="test_overlap_24jam_409" time="0.078" /><testcase classname="tests.test_rental_types.Test24Jam" name="test_back_to_back_24jam_allowed" time="0.090" /><testcase classname="tests.test_rental_types.TestHarian" name="test_inclusive_days_and_total" time="0.224" /><testcase classname="tests.test_rental_types.TestHarian" name="test_same_day_is_one_day" time="0.088" /><testcase classname="tests.test_rental_types.TestHarian" name="test_end_before_start_rejected" time="0.067" /><testcase classname="tests.test_rental_types.TestHarian" name="test_booking_keeps_vehicle_tersedia" time="0.075" /><testcase classname="tests.test_rental_types.TestHarian" name="test_overlap_harian_409" time="0.083" /><testcase classname="tests.test_rental_types.TestHarian" name="test_no_overlap_next_day_ok" time="0.830" /><testcase classname="tests.backend_test.TestAuthGuards" name="test_requires_auth[/vehicles]" time="0.191" /><testcase classname="tests.backend_test.TestRentals" name="test_end_before_start_rejected" time="0.235" /><testcase classname="tests.backend_test.TestAuthGuards" name="test_requires_auth[/customers]" time="0.121" /><testcase classname="tests.backend_test.TestRentals" name="test_same_day_harian_is_one_day" time="0.349" /><testcase classname="tests.backend_test.TestAuthGuards" name="test_requires_auth[/rentals]" time="0.133" /><testcase classname="tests.backend_test.TestAuthGuards" name="test_requires_auth[/dashboard]" time="0.178" /><testcase classname="tests.backend_test.TestAuthGuards" name="test_requires_auth[/reports]" time="0.130" /><testcase classname="tests.backend_test.TestRentals" name="test_unknown_vehicle_and_customer" time="0.344" /><testcase classname="tests.backend_test.TestCustomers" name="test_list_seeded" time="0.117" /><testcase classname="tests.backend_test.TestCustomers" name="test_search" time="0.126" /><testcase classname="tests.backend_test.TestRentals" name="test_malformed_date" time="0.291" /><testcase classname="tests.backend_test.TestCustomers" name="test_crud_and_rentals_history" time="0.581" /><testcase classname="tests.backend_test.TestRentals" name="test_get_nonexistent" time="0.116" /><testcase classname="tests.backend_test.TestReports" name="test_no_filter" time="0.188" /><testcase classname="tests.backend_test.TestReports" name="test_date_range_filter" time="0.197" /><testcase classname="tests.backend_test.TestCustomers" name="test_existing_customer_rental_history_enriched" time="0.201" /><testcase classname="tests.backend_test.TestReports" name="test_empty_range" time="0.127" /><testcase classname="tests.backend_test.TestCustomers" name="test_update_nonexistent" time="0.115" /><testcase classname="tests.backend_test.TestReports" name="test_invalid_date_params" time="0.114" /><testcase classname="tests.backend_test.TestDashboard" name="test_dashboard_shape" time="0.307" /><testcase classname="tests.backend_test.TestDashboard" name="test_chart_months_unique" time="0.151" /><testcase classname="tests.test_rental_types.TestBookingLifecycle" name="test_booking_to_aktif_syncs_vehicle" time="1.010" /><testcase classname="tests.backend_test.TestDashboard" name="test_active_bookings_matches_rentals" time="0.198" /><testcase classname="tests.backend_test.TestFiles" name="test_missing_file_404" time="0.168" /><testcase classname="tests.backend_test.TestFiles" name="test_upload_requires_auth" time="0.104" /><testcase classname="tests.test_rental_types.TestBookingLifecycle" name="test_cancel_frees_availability" time="0.657" /><testcase classname="tests.backend_test.TestFiles" name="test_upload_rejects_bad_extension" time="0.177" /><testcase classname="tests.test_rental_types.TestBookingLifecycle" name="test_create_aktif_sets_vehicle_disewa" time="0.271" /><testcase classname="tests.test_rental_types.TestMixedOverlap" name="test_24jam_conflicts_with_harian" time="0.764" /><testcase classname="tests.test_rental_types.TestBookingLifecycle" name="test_customer_history_includes_type" time="0.815" /><testcase classname="tests.test_rental_types.TestMixedOverlap" name="test_harian_conflicts_with_24jam" time="0.462" /><testcase classname="tests.backend_test.TestCors" name="test_cors_credentials_config" time="0.074" /><testcase classname="tests.test_cleanup" name="test_cleanup_qa_leftovers" time="0.299" /><testcase classname="tests.test_overlap_bypass.TestOverlapBypassViaStatusPatch" name="test_reactivating_cancelled_rental_can_double_book" time="0.716" /></testsuite></testsuites>